<?xml version="1.0" encoding="UTF-8"?>
<!-- Generated by org.testng.reporters.JUnitXMLReporter -->
<testsuite hostname="ZAUSVDISUBISWAS" name="BPA Report Demo 1" tests="6" failures="0" timestamp="2 Feb 2017 10:23:58 GMT" time="7.013" errors="0">
  <testcase name="verify_execution" time="0.276" classname="com.poc.ReportingStructure.BPA_Smoke_Login_TC001"/>
  <testcase name="verify_execution" time="4.319" classname="com.poc.ReportingStructure.BPA_Smoke_Login_TC001"/>
  <testcase name="verify_execution" time="1.102" classname="com.poc.ReportingStructure.BPA_Smoke_Login_TC001"/>
  <testcase name="verify_execution" time="0.265" classname="com.poc.ReportingStructure.BPA_Smoke_Login_TC001"/>
  <testcase name="verify_execution" time="0.268" classname="com.poc.ReportingStructure.BPA_Smoke_Login_TC001"/>
  <testcase name="verify_execution" time="0.503" classname="com.poc.ReportingStructure.BPA_Smoke_Login_TC001"/>
</testsuite> <!-- BPA Report Demo 1 -->
