<?xml version="1.0" encoding="UTF-8"?>
<!-- Generated by org.testng.reporters.JUnitXMLReporter -->
<testsuite hostname="ZAUSVDISUBISWAS" name="Test" tests="4" failures="0" timestamp="27 Jan 2017 14:52:50 GMT" time="22.765" errors="0">
  <testcase name="verifyHomePageTitle" time="9.64" classname="com.poc.ReportingStructure.FirstReportDemo"/>
  <testcase name="verifyLogo" time="2.709" classname="com.poc.ReportingStructure.FirstReportDemo"/>
  <testcase name="verifyHomePageTitle" time="7.838" classname="com.poc.ReportingStructure.SecondReportDemo"/>
  <testcase name="verifyLogo" time="2.552" classname="com.poc.ReportingStructure.SecondReportDemo"/>
</testsuite> <!-- Test -->
