<?xml version="1.0" encoding="UTF-8"?>
<!-- Generated by org.testng.reporters.JUnitXMLReporter -->
<testsuite hostname="ZAUSVDISUBISWAS" name="BPA Report Demo 1" tests="18" failures="0" timestamp="3 Feb 2017 12:37:33 GMT" time="11.063" errors="0">
  <testcase name="" time="0.093" classname="com.poc.ReportingStructure.BPA_Smoke_Login_TC001"/>
  <testcase name="" time="4.014" classname="com.poc.ReportingStructure.BPA_Smoke_Login_TC001"/>
  <testcase name="" time="0.828" classname="com.poc.ReportingStructure.BPA_Smoke_Login_TC001"/>
  <testcase name="" time="0.075" classname="com.poc.ReportingStructure.BPA_Smoke_Login_TC001"/>
  <testcase name="" time="0.243" classname="com.poc.ReportingStructure.BPA_Smoke_Login_TC001"/>
  <testcase name="" time="0.268" classname="com.poc.ReportingStructure.BPA_Smoke_Login_TC001"/>
  <testcase name="" time="0.203" classname="com.poc.ReportingStructure.BPA_Smoke_Login_TC001"/>
  <testcase name="" time="0.275" classname="com.poc.ReportingStructure.BPA_Smoke_Login_TC001"/>
  <testcase name="" time="1.655" classname="com.poc.ReportingStructure.BPA_Smoke_Login_TC001"/>
  <testcase name="" time="0.317" classname="com.poc.ReportingStructure.BPA_Smoke_Login_TC001"/>
  <testcase name="" time="0.165" classname="com.poc.ReportingStructure.BPA_Smoke_Login_TC001"/>
  <testcase name="" time="0.209" classname="com.poc.ReportingStructure.BPA_Smoke_Login_TC001"/>
  <testcase name="" time="0.592" classname="com.poc.ReportingStructure.BPA_Smoke_Login_TC001"/>
  <testcase name="" time="0.171" classname="com.poc.ReportingStructure.BPA_Smoke_Login_TC001"/>
  <testcase name="" time="1.699" classname="com.poc.ReportingStructure.BPA_Smoke_Login_TC001"/>
  <testcase name="" time="0.002" classname="com.poc.ReportingStructure.BPA_Smoke_Login_TC001"/>
  <testcase name="" time="0.001" classname="com.poc.ReportingStructure.BPA_Smoke_Login_TC001"/>
  <testcase name="" time="0.001" classname="com.poc.ReportingStructure.BPA_Smoke_Login_TC001"/>
</testsuite> <!-- BPA Report Demo 1 -->
